<?xml version="1.0" encoding="UTF-8"?>
<!-- Generated by org.testng.reporters.JUnitXMLReporter -->
<testsuite ignored="0" hostname="AIPL5658LT12679" failures="2" tests="3" name="ErrorValidationTest" time="53.486" errors="0" timestamp="12 Nov 2022 06:37:47 GMT">
  <testcase classname="PuneethChidura.SeleniumFrameworkDesign.tests.ErrorValidationTest" name="loginErrorValidation" time="22.145">
    <skipped/>
  </testcase> <!-- loginErrorValidation -->
  <testcase classname="PuneethChidura.SeleniumFrameworkDesign.tests.ErrorValidationTest" name="loginErrorValidation" time="0.941">
    <failure type="java.lang.AssertionError" message="expected [Incorrect email and password.] but found [Incorrect email or password.]">
      <![CDATA[java.lang.AssertionError: expected [Incorrect email and password.] but found [Incorrect email or password.]
at PuneethChidura.SeleniumFrameworkDesign.tests.ErrorValidationTest.loginErrorValidation(ErrorValidationTest.java:26)
at java.base/java.util.concurrent.FutureTask.run(FutureTask.java:264)
at java.base/java.util.concurrent.ThreadPoolExecutor.runWorker(ThreadPoolExecutor.java:1130)
at java.base/java.util.concurrent.ThreadPoolExecutor$Worker.run(ThreadPoolExecutor.java:630)
at java.base/java.lang.Thread.run(Thread.java:832)
... Removed 22 stack frames]]>
    </failure>
  </testcase> <!-- loginErrorValidation -->
  <testcase classname="PuneethChidura.SeleniumFrameworkDesign.tests.ErrorValidationTest" name="productErrorValidation" time="1.988">
    <failure type="java.lang.AssertionError" message="expected [1] but found [2]">
      <![CDATA[java.lang.AssertionError: expected [1] but found [2]
at PuneethChidura.SeleniumFrameworkDesign.tests.ErrorValidationTest.productErrorValidation(ErrorValidationTest.java:37)
at java.base/java.util.concurrent.FutureTask.run(FutureTask.java:264)
at java.base/java.util.concurrent.ThreadPoolExecutor.runWorker(ThreadPoolExecutor.java:1130)
at java.base/java.util.concurrent.ThreadPoolExecutor$Worker.run(ThreadPoolExecutor.java:630)
at java.base/java.lang.Thread.run(Thread.java:832)
... Removed 22 stack frames]]>
    </failure>
  </testcase> <!-- productErrorValidation -->
</testsuite> <!-- ErrorValidationTest -->
